  Lab_3_Projections.cpp
C:\Users\Egor\Documents\University\CompGrafics\Computer_graphics_labs\Lab_3_Projections\Lab_3_Projections.cpp(17,30): error C2065: 'rot': undeclared identifier
C:\Users\Egor\Documents\University\CompGrafics\Computer_graphics_labs\Lab_3_Projections\Lab_3_Projections.cpp(17,36): error C2065: 'rot': undeclared identifier
C:\Users\Egor\Documents\University\CompGrafics\Computer_graphics_labs\Lab_3_Projections\Lab_3_Projections.cpp(19,32): error C2065: 'rot': undeclared identifier
C:\Users\Egor\Documents\University\CompGrafics\Computer_graphics_labs\Lab_3_Projections\Lab_3_Projections.cpp(19,38): error C2065: 'rot': undeclared identifier
C:\Users\Egor\Documents\University\CompGrafics\Computer_graphics_labs\Lab_3_Projections\Lab_3_Projections.cpp(21,30): error C2065: 'alfa': undeclared identifier
C:\Users\Egor\Documents\University\CompGrafics\Computer_graphics_labs\Lab_3_Projections\Lab_3_Projections.cpp(21,37): error C2065: 'alfa': undeclared identifier
C:\Users\Egor\Documents\University\CompGrafics\Computer_graphics_labs\Lab_3_Projections\Lab_3_Projections.cpp(23,33): error C2065: 'alfa': undeclared identifier
C:\Users\Egor\Documents\University\CompGrafics\Computer_graphics_labs\Lab_3_Projections\Lab_3_Projections.cpp(23,40): error C2065: 'alfa': undeclared identifier
C:\Users\Egor\Documents\University\CompGrafics\Computer_graphics_labs\Lab_3_Projections\Lab_3_Projections.cpp(25,6): error C2065: 'ex': undeclared identifier
C:\Users\Egor\Documents\University\CompGrafics\Computer_graphics_labs\Lab_3_Projections\Lab_3_Projections.cpp(26,6): error C2065: 'rot': undeclared identifier
C:\Users\Egor\Documents\University\CompGrafics\Computer_graphics_labs\Lab_3_Projections\Lab_3_Projections.cpp(27,6): error C2065: 'alfa': undeclared identifier
C:\Users\Egor\Documents\University\CompGrafics\Computer_graphics_labs\Lab_3_Projections\Lab_3_Projections.cpp(41,16): error C2065: 'VP': undeclared identifier
C:\Users\Egor\Documents\University\CompGrafics\Computer_graphics_labs\Lab_3_Projections\Lab_3_Projections.cpp(41,24): error C2065: 'VP': undeclared identifier
C:\Users\Egor\Documents\University\CompGrafics\Computer_graphics_labs\Lab_3_Projections\Lab_3_Projections.cpp(41,28): error C2065: 'VP': undeclared identifier
C:\Users\Egor\Documents\University\CompGrafics\Computer_graphics_labs\Lab_3_Projections\Lab_3_Projections.cpp(47,12): error C2065: 'rot': undeclared identifier
C:\Users\Egor\Documents\University\CompGrafics\Computer_graphics_labs\Lab_3_Projections\Lab_3_Projections.cpp(48,12): error C2065: 'alfa': undeclared identifier
C:\Users\Egor\Documents\University\CompGrafics\Computer_graphics_labs\Lab_3_Projections\Lab_3_Projections.cpp(54,13): error C2065: 'VP': undeclared identifier
C:\Users\Egor\Documents\University\CompGrafics\Computer_graphics_labs\Lab_3_Projections\Lab_3_Projections.cpp(54,21): error C2065: 'VP': undeclared identifier
C:\Users\Egor\Documents\University\CompGrafics\Computer_graphics_labs\Lab_3_Projections\Lab_3_Projections.cpp(54,29): error C2065: 'VP': undeclared identifier
C:\Users\Egor\Documents\University\CompGrafics\Computer_graphics_labs\Lab_3_Projections\Lab_3_Projections.cpp(54,33): error C2065: 'VP': undeclared identifier
C:\Users\Egor\Documents\University\CompGrafics\Computer_graphics_labs\Lab_3_Projections\Lab_3_Projections.cpp(54,2): error C2660: 'glViewport': function does not take 3 arguments
C:\Program Files (x86)\Windows Kits\10\Include\10.0.22000.0\um\GL\gl.h(1492,25): message : see declaration of 'glViewport'
C:\Users\Egor\Documents\University\CompGrafics\Computer_graphics_labs\Lab_3_Projections\Lab_3_Projections.cpp(54,2): message : while trying to match the argument list '()'
C:\Users\Egor\Documents\University\CompGrafics\Computer_graphics_labs\Lab_3_Projections\Lab_3_Projections.cpp(64,13): error C2065: 'VP': undeclared identifier
C:\Users\Egor\Documents\University\CompGrafics\Computer_graphics_labs\Lab_3_Projections\Lab_3_Projections.cpp(64,21): error C2065: 'VP': undeclared identifier
C:\Users\Egor\Documents\University\CompGrafics\Computer_graphics_labs\Lab_3_Projections\Lab_3_Projections.cpp(64,29): error C2065: 'VP': undeclared identifier
C:\Users\Egor\Documents\University\CompGrafics\Computer_graphics_labs\Lab_3_Projections\Lab_3_Projections.cpp(64,33): error C2065: 'VP': undeclared identifier
C:\Users\Egor\Documents\University\CompGrafics\Computer_graphics_labs\Lab_3_Projections\Lab_3_Projections.cpp(64,2): error C2660: 'glViewport': function does not take 3 arguments
C:\Program Files (x86)\Windows Kits\10\Include\10.0.22000.0\um\GL\gl.h(1492,25): message : see declaration of 'glViewport'
C:\Users\Egor\Documents\University\CompGrafics\Computer_graphics_labs\Lab_3_Projections\Lab_3_Projections.cpp(64,2): message : while trying to match the argument list '()'
C:\Users\Egor\Documents\University\CompGrafics\Computer_graphics_labs\Lab_3_Projections\Lab_3_Projections.cpp(74,13): error C2065: 'VP': undeclared identifier
C:\Users\Egor\Documents\University\CompGrafics\Computer_graphics_labs\Lab_3_Projections\Lab_3_Projections.cpp(74,17): error C2065: 'VP': undeclared identifier
C:\Users\Egor\Documents\University\CompGrafics\Computer_graphics_labs\Lab_3_Projections\Lab_3_Projections.cpp(74,25): error C2065: 'VP': undeclared identifier
C:\Users\Egor\Documents\University\CompGrafics\Computer_graphics_labs\Lab_3_Projections\Lab_3_Projections.cpp(74,29): error C2065: 'VP': undeclared identifier
C:\Users\Egor\Documents\University\CompGrafics\Computer_graphics_labs\Lab_3_Projections\Lab_3_Projections.cpp(86,16): error C2065: 'VP': undeclared identifier
C:\Users\Egor\Documents\University\CompGrafics\Computer_graphics_labs\Lab_3_Projections\Lab_3_Projections.cpp(86,20): error C2065: 'VP': undeclared identifier
C:\Users\Egor\Documents\University\CompGrafics\Computer_graphics_labs\Lab_3_Projections\Lab_3_Projections.cpp(86,24): error C2065: 'VP': undeclared identifier
C:\Users\Egor\Documents\University\CompGrafics\Computer_graphics_labs\Lab_3_Projections\Lab_3_Projections.cpp(96,19): error C2065: 'VP': undeclared identifier
C:\Users\Egor\Documents\University\CompGrafics\Computer_graphics_labs\Lab_3_Projections\Lab_3_Projections.cpp(96,23): error C2065: 'VP': undeclared identifier
C:\Users\Egor\Documents\University\CompGrafics\Computer_graphics_labs\Lab_3_Projections\Lab_3_Projections.cpp(107,13): error C2065: 'VP': undeclared identifier
C:\Users\Egor\Documents\University\CompGrafics\Computer_graphics_labs\Lab_3_Projections\Lab_3_Projections.cpp(107,20): error C2065: 'VP': undeclared identifier
C:\Users\Egor\Documents\University\CompGrafics\Computer_graphics_labs\Lab_3_Projections\Lab_3_Projections.cpp(107,24): error C2065: 'VP': undeclared identifier
C:\Users\Egor\Documents\University\CompGrafics\Computer_graphics_labs\Lab_3_Projections\Lab_3_Projections.cpp(120,13): error C2065: 'VP': undeclared identifier
C:\Users\Egor\Documents\University\CompGrafics\Computer_graphics_labs\Lab_3_Projections\Lab_3_Projections.cpp(120,24): error C2065: 'VP': undeclared identifier
C:\Users\Egor\Documents\University\CompGrafics\Computer_graphics_labs\Lab_3_Projections\Lab_3_Projections.cpp(120,28): error C2065: 'VP': undeclared identifier
C:\Users\Egor\Documents\University\CompGrafics\Computer_graphics_labs\Lab_3_Projections\Lab_3_Projections.cpp(130,2): error C2065: 'f': undeclared identifier
C:\Users\Egor\Documents\University\CompGrafics\Computer_graphics_labs\Lab_3_Projections\Lab_3_Projections.cpp(130,7): error C2065: 'pi': undeclared identifier
C:\Users\Egor\Documents\University\CompGrafics\Computer_graphics_labs\Lab_3_Projections\Lab_3_Projections.cpp(130,26): error C2065: 'pi': undeclared identifier
C:\Users\Egor\Documents\University\CompGrafics\Computer_graphics_labs\Lab_3_Projections\Lab_3_Projections.cpp(131,10): error C2065: 'f': undeclared identifier
C:\Users\Egor\Documents\University\CompGrafics\Computer_graphics_labs\Lab_3_Projections\Lab_3_Projections.cpp(131,23): error C2065: 'pi': undeclared identifier
C:\Users\Egor\Documents\University\CompGrafics\Computer_graphics_labs\Lab_3_Projections\Lab_3_Projections.cpp(132,10): error C2065: 'f': undeclared identifier
C:\Users\Egor\Documents\University\CompGrafics\Computer_graphics_labs\Lab_3_Projections\Lab_3_Projections.cpp(132,23): error C2065: 'pi': undeclared identifier
C:\Users\Egor\Documents\University\CompGrafics\Computer_graphics_labs\Lab_3_Projections\Lab_3_Projections.cpp(137,13): error C2065: 'VP': undeclared identifier
C:\Users\Egor\Documents\University\CompGrafics\Computer_graphics_labs\Lab_3_Projections\Lab_3_Projections.cpp(137,24): error C2065: 'VP': undeclared identifier
C:\Users\Egor\Documents\University\CompGrafics\Computer_graphics_labs\Lab_3_Projections\Lab_3_Projections.cpp(137,28): error C2065: 'VP': undeclared identifier
C:\Users\Egor\Documents\University\CompGrafics\Computer_graphics_labs\Lab_3_Projections\Lab_3_Projections.cpp(147,2): error C2065: 'f': undeclared identifier
C:\Users\Egor\Documents\University\CompGrafics\Computer_graphics_labs\Lab_3_Projections\Lab_3_Projections.cpp(148,10): error C2065: 'f': undeclared identifier
C:\Users\Egor\Documents\University\CompGrafics\Computer_graphics_labs\Lab_3_Projections\Lab_3_Projections.cpp(148,23): error C2065: 'pi': undeclared identifier
C:\Users\Egor\Documents\University\CompGrafics\Computer_graphics_labs\Lab_3_Projections\Lab_3_Projections.cpp(149,10): error C2065: 'f': undeclared identifier
C:\Users\Egor\Documents\University\CompGrafics\Computer_graphics_labs\Lab_3_Projections\Lab_3_Projections.cpp(149,23): error C2065: 'pi': undeclared identifier
C:\Users\Egor\Documents\University\CompGrafics\Computer_graphics_labs\Lab_3_Projections\Lab_3_Projections.cpp(157,13): error C2065: 'VP': undeclared identifier
C:\Users\Egor\Documents\University\CompGrafics\Computer_graphics_labs\Lab_3_Projections\Lab_3_Projections.cpp(157,17): error C2065: 'VP': undeclared identifier
C:\Users\Egor\Documents\University\CompGrafics\Computer_graphics_labs\Lab_3_Projections\Lab_3_Projections.cpp(157,21): error C2065: 'VP': undeclared identifier
C:\Users\Egor\Documents\University\CompGrafics\Computer_graphics_labs\Lab_3_Projections\Lab_3_Projections.cpp(157,25): error C2065: 'VP': undeclared identifier
C:\Users\Egor\Documents\University\CompGrafics\Computer_graphics_labs\Lab_3_Projections\Lab_3_Projections.cpp(168,13): error C2065: 'VP': undeclared identifier
C:\Users\Egor\Documents\University\CompGrafics\Computer_graphics_labs\Lab_3_Projections\Lab_3_Projections.cpp(168,21): error C2065: 'VP': undeclared identifier
C:\Users\Egor\Documents\University\CompGrafics\Computer_graphics_labs\Lab_3_Projections\Lab_3_Projections.cpp(168,25): error C2065: 'VP': undeclared identifier
C:\Users\Egor\Documents\University\CompGrafics\Computer_graphics_labs\Lab_3_Projections\Lab_3_Projections.cpp(168,29): error C2065: 'VP': undeclared identifier
C:\Users\Egor\Documents\University\CompGrafics\Computer_graphics_labs\Lab_3_Projections\Lab_3_Projections.cpp(181,13): error C2065: 'VP': undeclared identifier
C:\Users\Egor\Documents\University\CompGrafics\Computer_graphics_labs\Lab_3_Projections\Lab_3_Projections.cpp(181,21): error C2065: 'VP': undeclared identifier
C:\Users\Egor\Documents\University\CompGrafics\Computer_graphics_labs\Lab_3_Projections\Lab_3_Projections.cpp(181,25): error C2065: 'VP': undeclared identifier
C:\Users\Egor\Documents\University\CompGrafics\Computer_graphics_labs\Lab_3_Projections\Lab_3_Projections.cpp(181,29): error C2065: 'VP': undeclared identifier
